<?xml version="1.0" encoding="UTF-8"?>
<testng-results ignored="0" total="1" passed="1" failed="0" skipped="0">
  <reporter-output>
  </reporter-output>
  <suite started-at="2021-04-27T17:52:08 IST" name="Default suite" finished-at="2021-04-27T17:52:33 IST" duration-ms="25167">
    <groups>
    </groups>
    <test started-at="2021-04-27T17:52:08 IST" name="Default test" finished-at="2021-04-27T17:52:33 IST" duration-ms="25167">
      <class name="ireach.test.IntelliswiftiReach">
        <test-method signature="alaunch()[pri:0, instance:ireach.test.IntelliswiftiReach@376a0d86]" started-at="2021-04-27T17:52:08 IST" name="alaunch" finished-at="2021-04-27T17:52:33 IST" duration-ms="25102" status="PASS">
          <reporter-output>
          </reporter-output>
        </test-method> <!-- alaunch -->
      </class> <!-- ireach.test.IntelliswiftiReach -->
    </test> <!-- Default test -->
  </suite> <!-- Default suite -->
</testng-results>
